\BOOKMARK [1][-]{section.1}{\376\377\0001\000\040\000I\000n\000t\000r\000o\000d\000u\000c\000t\000i\000o\000n}{}% 1
\BOOKMARK [1][-]{section.2}{\376\377\0002\000\040\000B\000a\000c\000k\000g\000r\000o\000u\000n\000d\000\040\000a\000n\000d\000\040\000R\000e\000l\000a\000t\000e\000d\000\040\000W\000o\000r\000k}{}% 2
\BOOKMARK [2][-]{subsection.2.1}{\376\377\0002\000.\0001\000\040\000M\000u\000l\000t\000i\000-\000S\000t\000a\000k\000e\000h\000o\000l\000d\000e\000r\000\040\000R\000e\000c\000o\000m\000m\000e\000n\000d\000e\000r\000\040\000S\000y\000s\000t\000e\000m\000s}{section.2}% 3
\BOOKMARK [2][-]{subsection.2.2}{\376\377\0002\000.\0002\000\040\000B\000r\000a\000d\000l\000e\000y\000-\000T\000e\000r\000r\000y\000\040\000P\000r\000e\000f\000e\000r\000e\000n\000c\000e\000\040\000L\000e\000a\000r\000n\000i\000n\000g}{section.2}% 4
\BOOKMARK [2][-]{subsection.2.3}{\376\377\0002\000.\0003\000\040\000R\000e\000w\000a\000r\000d\000\040\000M\000i\000s\000s\000p\000e\000c\000i\000f\000i\000c\000a\000t\000i\000o\000n\000\040\000a\000n\000d\000\040\000G\000o\000o\000d\000h\000a\000r\000t\000'\000s\000\040\000L\000a\000w}{section.2}% 5
\BOOKMARK [2][-]{subsection.2.4}{\376\377\0002\000.\0004\000\040\000S\000e\000n\000s\000i\000t\000i\000v\000i\000t\000y\000\040\000A\000n\000a\000l\000y\000s\000i\000s\000\040\000i\000n\000\040\000M\000C\000D\000A}{section.2}% 6
\BOOKMARK [2][-]{subsection.2.5}{\376\377\0002\000.\0005\000\040\000P\000l\000a\000t\000f\000o\000r\000m\000\040\000T\000r\000a\000n\000s\000p\000a\000r\000e\000n\000c\000y}{section.2}% 7
\BOOKMARK [2][-]{subsection.2.6}{\376\377\0002\000.\0006\000\040\000X\000'\000s\000\040\000A\000l\000g\000o\000r\000i\000t\000h\000m\000:\000\040\000P\000h\000o\000e\000n\000i\000x\000\040\000A\000r\000c\000h\000i\000t\000e\000c\000t\000u\000r\000e}{section.2}% 8
\BOOKMARK [1][-]{section.3}{\376\377\0003\000\040\000S\000y\000s\000t\000e\000m\000,\000\040\000D\000a\000t\000a\000,\000\040\000a\000n\000d\000\040\000M\000e\000t\000h\000o\000d\000o\000l\000o\000g\000y}{}% 9
\BOOKMARK [2][-]{subsection.3.1}{\376\377\0003\000.\0001\000\040\000A\000c\000t\000i\000o\000n\000\040\000S\000p\000a\000c\000e}{section.3}% 10
\BOOKMARK [2][-]{subsection.3.2}{\376\377\0003\000.\0002\000\040\000S\000t\000a\000k\000e\000h\000o\000l\000d\000e\000r\000\040\000U\000t\000i\000l\000i\000t\000y\000\040\000M\000o\000d\000e\000l}{section.3}% 11
\BOOKMARK [2][-]{subsection.3.3}{\376\377\0003\000.\0003\000\040\000S\000y\000n\000t\000h\000e\000t\000i\000c\000\040\000D\000a\000t\000a\000\040\000G\000e\000n\000e\000r\000a\000t\000i\000o\000n}{section.3}% 12
\BOOKMARK [2][-]{subsection.3.4}{\376\377\0003\000.\0004\000\040\000B\000r\000a\000d\000l\000e\000y\000-\000T\000e\000r\000r\000y\000\040\000T\000r\000a\000i\000n\000i\000n\000g\000\040\000P\000i\000p\000e\000l\000i\000n\000e}{section.3}% 13
\BOOKMARK [2][-]{subsection.3.5}{\376\377\0003\000.\0005\000\040\000E\000v\000a\000l\000u\000a\000t\000i\000o\000n\000\040\000F\000r\000a\000m\000e\000w\000o\000r\000k}{section.3}% 14
\BOOKMARK [1][-]{section.4}{\376\377\0004\000\040\000W\000h\000a\000t\000\040\000D\000r\000i\000v\000e\000s\000\040\000S\000t\000a\000k\000e\000h\000o\000l\000d\000e\000r\000\040\000D\000i\000f\000f\000e\000r\000e\000n\000t\000i\000a\000t\000i\000o\000n\000?}{}% 15
\BOOKMARK [2][-]{subsection.4.1}{\376\377\0004\000.\0001\000\040\000L\000a\000b\000e\000l\000s\000\040\000v\000s\000.\000\040\000L\000o\000s\000s}{section.4}% 16
\BOOKMARK [2][-]{subsection.4.2}{\376\377\0004\000.\0002\000\040\000-\000R\000e\000c\000o\000v\000e\000r\000y}{section.4}% 17
\BOOKMARK [2][-]{subsection.4.3}{\376\377\0004\000.\0003\000\040\000S\000t\000r\000e\000s\000s\000\040\000T\000e\000s\000t\000i\000n\000g}{section.4}% 18
\BOOKMARK [2][-]{subsection.4.4}{\376\377\0004\000.\0004\000\040\000D\000i\000s\000a\000g\000r\000e\000e\000m\000e\000n\000t\000-\000t\000o\000-\000D\000i\000f\000f\000e\000r\000e\000n\000t\000i\000a\000t\000i\000o\000n\000\040\000B\000o\000u\000n\000d}{section.4}% 19
\BOOKMARK [2][-]{subsection.4.5}{\376\377\0004\000.\0005\000\040\000L\000L\000M\000-\000a\000s\000-\000A\000n\000n\000o\000t\000a\000t\000o\000r\000\040\000C\000o\000m\000p\000a\000t\000i\000b\000i\000l\000i\000t\000y}{section.4}% 20
\BOOKMARK [1][-]{section.5}{\376\377\0005\000\040\000H\000o\000w\000\040\000M\000u\000c\000h\000\040\000S\000t\000a\000k\000e\000h\000o\000l\000d\000e\000r\000\040\000D\000a\000t\000a\000\040\000I\000s\000\040\000N\000e\000e\000d\000e\000d\000?}{}% 21
\BOOKMARK [2][-]{subsection.5.1}{\376\377\0005\000.\0001\000\040\000L\000O\000S\000O\000\040\000G\000e\000o\000m\000e\000t\000r\000y\000\040\000a\000n\000d\000\040\000T\000r\000a\000i\000n\000i\000n\000g}{section.5}% 22
\BOOKMARK [2][-]{subsection.5.2}{\376\377\0005\000.\0002\000\040\000P\000r\000o\000x\000y\000\040\000M\000e\000t\000h\000o\000d\000s}{section.5}% 23
\BOOKMARK [2][-]{subsection.5.3}{\376\377\0005\000.\0003\000\040\000D\000a\000t\000a\000\040\000B\000u\000d\000g\000e\000t}{section.5}% 24
\BOOKMARK [2][-]{subsection.5.4}{\376\377\0005\000.\0004\000\040\000D\000e\000g\000r\000a\000d\000a\000t\000i\000o\000n\000\040\000P\000r\000e\000d\000i\000c\000t\000a\000b\000i\000l\000i\000t\000y}{section.5}% 25
\BOOKMARK [2][-]{subsection.5.5}{\376\377\0005\000.\0005\000\040\000S\000c\000a\000l\000i\000n\000g\000\040\000w\000i\000t\000h\000\040\000K\000\040\000S\000t\000a\000k\000e\000h\000o\000l\000d\000e\000r\000s}{section.5}% 26
\BOOKMARK [1][-]{section.6}{\376\377\0006\000\040\000H\000o\000w\000\040\000S\000e\000n\000s\000i\000t\000i\000v\000e\000\040\000I\000s\000\040\000t\000h\000e\000\040\000F\000r\000o\000n\000t\000i\000e\000r\000\040\000t\000o\000\040\000S\000p\000e\000c\000i\000f\000i\000c\000a\000t\000i\000o\000n\000?}{}% 27
\BOOKMARK [2][-]{subsection.6.1}{\376\377\0006\000.\0001\000\040\000T\000h\000e\000\040\000-\000D\000o\000m\000i\000n\000a\000n\000c\000e\000\040\000T\000e\000s\000t}{section.6}% 28
\BOOKMARK [2][-]{subsection.6.2}{\376\377\0006\000.\0002\000\040\000T\000h\000e\000\040\000M\000a\000t\000c\000h\000e\000d\000-\000M\000a\000g\000n\000i\000t\000u\000d\000e\000\040\000R\000e\000v\000e\000r\000s\000a\000l}{section.6}% 29
\BOOKMARK [2][-]{subsection.6.3}{\376\377\0006\000.\0003\000\040\000R\000a\000n\000k\000\040\000S\000t\000a\000b\000i\000l\000i\000t\000y\000\040\000v\000s\000.\000\040\000H\000a\000u\000s\000d\000o\000r\000f\000f\000\040\000D\000i\000s\000t\000a\000n\000c\000e}{section.6}% 30
\BOOKMARK [2][-]{subsection.6.4}{\376\377\0006\000.\0004\000\040\000S\000p\000e\000c\000i\000f\000i\000c\000a\000t\000i\000o\000n\000\040\000v\000s\000.\000\040\000D\000a\000t\000a}{section.6}% 31
\BOOKMARK [2][-]{subsection.6.5}{\376\377\0006\000.\0005\000\040\000T\000h\000e\000\040\000P\000a\000r\000e\000t\000o\000\040\000R\000o\000b\000u\000s\000t\000n\000e\000s\000s\000\040\000B\000u\000f\000f\000e\000r}{section.6}% 32
\BOOKMARK [1][-]{section.7}{\376\377\0007\000\040\000N\000o\000n\000l\000i\000n\000e\000a\000r\000\040\000R\000o\000b\000u\000s\000t\000n\000e\000s\000s}{}% 33
\BOOKMARK [1][-]{section.8}{\376\377\0008\000\040\000E\000x\000t\000e\000r\000n\000a\000l\000\040\000V\000a\000l\000i\000d\000a\000t\000i\000o\000n}{}% 34
\BOOKMARK [2][-]{subsection.8.1}{\376\377\0008\000.\0001\000\040\000M\000o\000v\000i\000e\000L\000e\000n\000s\000-\0001\0000\0000\000K}{section.8}% 35
\BOOKMARK [2][-]{subsection.8.2}{\376\377\0008\000.\0002\000\040\000S\000y\000n\000t\000h\000e\000t\000i\000c\000\040\000T\000w\000i\000t\000t\000e\000r}{section.8}% 36
\BOOKMARK [1][-]{section.9}{\376\377\0009\000\040\000D\000i\000s\000c\000u\000s\000s\000i\000o\000n}{}% 37
\BOOKMARK [2][-]{subsection.9.1}{\376\377\0009\000.\0001\000\040\000S\000y\000n\000t\000h\000e\000s\000i\000s}{section.9}% 38
\BOOKMARK [2][-]{subsection.9.2}{\376\377\0009\000.\0002\000\040\000P\000r\000a\000c\000t\000i\000c\000a\000l\000\040\000G\000u\000i\000d\000a\000n\000c\000e}{section.9}% 39
\BOOKMARK [2][-]{subsection.9.3}{\376\377\0009\000.\0003\000\040\000I\000m\000p\000l\000i\000c\000a\000t\000i\000o\000n\000s\000\040\000f\000o\000r\000\040\000P\000l\000a\000t\000f\000o\000r\000m\000\040\000T\000r\000a\000n\000s\000p\000a\000r\000e\000n\000c\000y}{section.9}% 40
\BOOKMARK [2][-]{subsection.9.4}{\376\377\0009\000.\0004\000\040\000L\000i\000m\000i\000t\000a\000t\000i\000o\000n\000s}{section.9}% 41
\BOOKMARK [1][-]{section.10}{\376\377\0001\0000\000\040\000C\000o\000n\000c\000l\000u\000s\000i\000o\000n}{}% 42
\BOOKMARK [1][-]{appendix.A}{\376\377\000A\000\040\000N\000o\000n\000l\000i\000n\000e\000a\000r\000\040\000R\000o\000b\000u\000s\000t\000n\000e\000s\000s\000\040\000F\000u\000l\000l\000\040\000T\000a\000b\000l\000e\000s}{}% 43
\BOOKMARK [1][-]{appendix.B}{\376\377\000B\000\040\000S\000t\000r\000e\000s\000s\000\040\000\040\000N\000o\000n\000l\000i\000n\000e\000a\000r\000i\000t\000y}{}% 44
\BOOKMARK [1][-]{appendix.C}{\376\377\000C\000\040\000K\000-\000S\000t\000a\000k\000e\000h\000o\000l\000d\000e\000r\000\040\000S\000c\000a\000l\000i\000n\000g}{}% 45
\BOOKMARK [1][-]{appendix.D}{\376\377\000D\000\040\000D\000i\000s\000a\000g\000r\000e\000e\000m\000e\000n\000t\000\040\000B\000o\000u\000n\000d\000\040\000D\000e\000r\000i\000v\000a\000t\000i\000o\000n}{}% 46
\BOOKMARK [1][-]{appendix.E}{\376\377\000E\000\040\000M\000o\000v\000i\000e\000L\000e\000n\000s\000\040\000T\000r\000a\000i\000n\000i\000n\000g\000\040\000D\000e\000t\000a\000i\000l\000s}{}% 47
\BOOKMARK [1][-]{appendix.F}{\376\377\000F\000\040\000S\000y\000n\000t\000h\000e\000t\000i\000c\000\040\000T\000w\000i\000t\000t\000e\000r\000\040\000V\000e\000r\000i\000f\000i\000c\000a\000t\000i\000o\000n}{}% 48
\BOOKMARK [1][-]{appendix.G}{\376\377\000G\000\040\000P\000l\000u\000r\000a\000l\000i\000s\000t\000i\000c\000\040\000M\000o\000d\000e\000l\000s\000\040\000a\000n\000d\000\040\000C\000a\000u\000s\000a\000l\000\040\000V\000e\000r\000i\000f\000i\000c\000a\000t\000i\000o\000n}{}% 49
\BOOKMARK [1][-]{appendix.H}{\376\377\000H\000\040\000P\000e\000r\000-\000P\000a\000r\000a\000m\000e\000t\000e\000r\000\040\000S\000e\000n\000s\000i\000t\000i\000v\000i\000t\000y}{}% 50
